warning: ignoring unsupported tag `ALLOW_UNICODE_NAMES    =' at line 79, file /home/travis/build/Eleirbag89/TelegramBotPHP/Doxyfile
warning: ignoring unsupported tag `MARKDOWN_SUPPORT       =' at line 304, file /home/travis/build/Eleirbag89/TelegramBotPHP/Doxyfile
warning: ignoring unsupported tag `AUTOLINK_SUPPORT       =' at line 312, file /home/travis/build/Eleirbag89/TelegramBotPHP/Doxyfile
warning: ignoring unsupported tag `GROUP_NESTED_COMPOUNDS =' at line 361, file /home/travis/build/Eleirbag89/TelegramBotPHP/Doxyfile
warning: ignoring unsupported tag `EXTRACT_PACKAGE        =' at line 441, file /home/travis/build/Eleirbag89/TelegramBotPHP/Doxyfile
warning: ignoring unsupported tag `HIDE_COMPOUND_REFERENCE=' at line 532, file /home/travis/build/Eleirbag89/TelegramBotPHP/Doxyfile
warning: ignoring unsupported tag `SHOW_GROUPED_MEMB_INC  =' at line 545, file /home/travis/build/Eleirbag89/TelegramBotPHP/Doxyfile
warning: ignoring unsupported tag `USE_MDFILE_AS_MAINPAGE =' at line 960, file /home/travis/build/Eleirbag89/TelegramBotPHP/Doxyfile
warning: ignoring unsupported tag `SOURCE_TOOLTIPS        =' at line 1016, file /home/travis/build/Eleirbag89/TelegramBotPHP/Doxyfile
warning: ignoring unsupported tag `CLANG_ASSISTED_PARSING =' at line 1057, file /home/travis/build/Eleirbag89/TelegramBotPHP/Doxyfile
warning: ignoring unsupported tag `CLANG_OPTIONS          =' at line 1065, file /home/travis/build/Eleirbag89/TelegramBotPHP/Doxyfile
warning: ignoring unsupported tag `HTML_EXTRA_STYLESHEET  =' at line 1170, file /home/travis/build/Eleirbag89/TelegramBotPHP/Doxyfile
warning: ignoring unsupported tag `HTML_INDEX_NUM_ENTRIES =' at line 1240, file /home/travis/build/Eleirbag89/TelegramBotPHP/Doxyfile
warning: ignoring unsupported tag `MATHJAX_FORMAT         =' at line 1521, file /home/travis/build/Eleirbag89/TelegramBotPHP/Doxyfile
warning: ignoring unsupported tag `MATHJAX_CODEFILE       =' at line 1549, file /home/travis/build/Eleirbag89/TelegramBotPHP/Doxyfile
warning: ignoring unsupported tag `EXTERNAL_SEARCH        =' at line 1598, file /home/travis/build/Eleirbag89/TelegramBotPHP/Doxyfile
warning: ignoring unsupported tag `SEARCHENGINE_URL       =' at line 1609, file /home/travis/build/Eleirbag89/TelegramBotPHP/Doxyfile
warning: ignoring unsupported tag `SEARCHDATA_FILE        =' at line 1617, file /home/travis/build/Eleirbag89/TelegramBotPHP/Doxyfile
warning: ignoring unsupported tag `EXTERNAL_SEARCH_ID     =' at line 1625, file /home/travis/build/Eleirbag89/TelegramBotPHP/Doxyfile
warning: ignoring unsupported tag `EXTRA_SEARCH_MAPPINGS  =' at line 1635, file /home/travis/build/Eleirbag89/TelegramBotPHP/Doxyfile
warning: ignoring unsupported tag `LATEX_EXTRA_STYLESHEET =' at line 1737, file /home/travis/build/Eleirbag89/TelegramBotPHP/Doxyfile
warning: ignoring unsupported tag `LATEX_EXTRA_FILES      =' at line 1745, file /home/travis/build/Eleirbag89/TelegramBotPHP/Doxyfile
warning: ignoring unsupported tag `RTF_SOURCE_CODE        =' at line 1862, file /home/travis/build/Eleirbag89/TelegramBotPHP/Doxyfile
warning: ignoring unsupported tag `MAN_SUBDIR             =' at line 1897, file /home/travis/build/Eleirbag89/TelegramBotPHP/Doxyfile
warning: ignoring unsupported tag `GENERATE_DOCBOOK       =' at line 1943, file /home/travis/build/Eleirbag89/TelegramBotPHP/Doxyfile
warning: ignoring unsupported tag `DOCBOOK_OUTPUT         =' at line 1951, file /home/travis/build/Eleirbag89/TelegramBotPHP/Doxyfile
warning: ignoring unsupported tag `DOCBOOK_PROGRAMLISTING =' at line 1960, file /home/travis/build/Eleirbag89/TelegramBotPHP/Doxyfile
warning: ignoring unsupported tag `EXTERNAL_PAGES         =' at line 2134, file /home/travis/build/Eleirbag89/TelegramBotPHP/Doxyfile
warning: ignoring unsupported tag `DIA_PATH               =' at line 2169, file /home/travis/build/Eleirbag89/TelegramBotPHP/Doxyfile
warning: ignoring unsupported tag `UML_LIMIT_NUM_FIELDS   =' at line 2263, file /home/travis/build/Eleirbag89/TelegramBotPHP/Doxyfile
warning: ignoring unsupported tag `DIAFILE_DIRS           =' at line 2381, file /home/travis/build/Eleirbag89/TelegramBotPHP/Doxyfile
warning: ignoring unsupported tag `PLANTUML_JAR_PATH      =' at line 2389, file /home/travis/build/Eleirbag89/TelegramBotPHP/Doxyfile
warning: ignoring unsupported tag `PLANTUML_INCLUDE_PATH  =' at line 2394, file /home/travis/build/Eleirbag89/TelegramBotPHP/Doxyfile
Searching for include files...
Searching for example files...
Searching for images...
Searching for dot files...
Searching for msc files...
Searching for files to exclude
Searching for files to process...
Searching for files in directory /home/travis/build/Eleirbag89/TelegramBotPHP
Searching for files in directory /home/travis/build/Eleirbag89/TelegramBotPHP/.git
Searching for files in directory /home/travis/build/Eleirbag89/TelegramBotPHP/.git/branches
Searching for files in directory /home/travis/build/Eleirbag89/TelegramBotPHP/.git/hooks
Searching for files in directory /home/travis/build/Eleirbag89/TelegramBotPHP/.git/info
Searching for files in directory /home/travis/build/Eleirbag89/TelegramBotPHP/.git/logs
Searching for files in directory /home/travis/build/Eleirbag89/TelegramBotPHP/.git/logs/refs
Searching for files in directory /home/travis/build/Eleirbag89/TelegramBotPHP/.git/logs/refs/heads
Searching for files in directory /home/travis/build/Eleirbag89/TelegramBotPHP/.git/logs/refs/remotes
Searching for files in directory /home/travis/build/Eleirbag89/TelegramBotPHP/.git/logs/refs/remotes/origin
Searching for files in directory /home/travis/build/Eleirbag89/TelegramBotPHP/.git/objects
Searching for files in directory /home/travis/build/Eleirbag89/TelegramBotPHP/.git/objects/info
Searching for files in directory /home/travis/build/Eleirbag89/TelegramBotPHP/.git/objects/pack
Searching for files in directory /home/travis/build/Eleirbag89/TelegramBotPHP/.git/refs
Searching for files in directory /home/travis/build/Eleirbag89/TelegramBotPHP/.git/refs/heads
Searching for files in directory /home/travis/build/Eleirbag89/TelegramBotPHP/.git/refs/remotes
Searching for files in directory /home/travis/build/Eleirbag89/TelegramBotPHP/.git/refs/remotes/origin
Searching for files in directory /home/travis/build/Eleirbag89/TelegramBotPHP/.git/refs/tags
Searching for files in directory /home/travis/build/Eleirbag89/TelegramBotPHP/bot examples
Searching for files in directory /home/travis/build/Eleirbag89/TelegramBotPHP/code_docs
Searching for files in directory /home/travis/build/Eleirbag89/TelegramBotPHP/code_docs/TelegramBotPHP
Searching for files in directory /home/travis/build/Eleirbag89/TelegramBotPHP/code_docs/TelegramBotPHP/.git
Searching for files in directory /home/travis/build/Eleirbag89/TelegramBotPHP/code_docs/TelegramBotPHP/.git/branches
Searching for files in directory /home/travis/build/Eleirbag89/TelegramBotPHP/code_docs/TelegramBotPHP/.git/hooks
Searching for files in directory /home/travis/build/Eleirbag89/TelegramBotPHP/code_docs/TelegramBotPHP/.git/info
Searching for files in directory /home/travis/build/Eleirbag89/TelegramBotPHP/code_docs/TelegramBotPHP/.git/logs
Searching for files in directory /home/travis/build/Eleirbag89/TelegramBotPHP/code_docs/TelegramBotPHP/.git/logs/refs
Searching for files in directory /home/travis/build/Eleirbag89/TelegramBotPHP/code_docs/TelegramBotPHP/.git/logs/refs/heads
Searching for files in directory /home/travis/build/Eleirbag89/TelegramBotPHP/code_docs/TelegramBotPHP/.git/logs/refs/remotes
Searching for files in directory /home/travis/build/Eleirbag89/TelegramBotPHP/code_docs/TelegramBotPHP/.git/logs/refs/remotes/origin
Searching for files in directory /home/travis/build/Eleirbag89/TelegramBotPHP/code_docs/TelegramBotPHP/.git/objects
Searching for files in directory /home/travis/build/Eleirbag89/TelegramBotPHP/code_docs/TelegramBotPHP/.git/objects/info
Searching for files in directory /home/travis/build/Eleirbag89/TelegramBotPHP/code_docs/TelegramBotPHP/.git/objects/pack
Searching for files in directory /home/travis/build/Eleirbag89/TelegramBotPHP/code_docs/TelegramBotPHP/.git/refs
Searching for files in directory /home/travis/build/Eleirbag89/TelegramBotPHP/code_docs/TelegramBotPHP/.git/refs/heads
Searching for files in directory /home/travis/build/Eleirbag89/TelegramBotPHP/code_docs/TelegramBotPHP/.git/refs/remotes
Searching for files in directory /home/travis/build/Eleirbag89/TelegramBotPHP/code_docs/TelegramBotPHP/.git/refs/remotes/origin
Searching for files in directory /home/travis/build/Eleirbag89/TelegramBotPHP/code_docs/TelegramBotPHP/.git/refs/tags
Searching for files in directory /home/travis/build/Eleirbag89/TelegramBotPHP/doc
Searching for files in directory /home/travis/build/Eleirbag89/TelegramBotPHP/doc/html
Searching for files in directory /home/travis/build/Eleirbag89/TelegramBotPHP/doc/html/search
Searching for files in directory /home/travis/build/Eleirbag89/TelegramBotPHP/doc/latex
Reading and parsing tag files
Reading /home/travis/build/Eleirbag89/TelegramBotPHP/bot examples/getUpdates.php...
Parsing file /home/travis/build/Eleirbag89/TelegramBotPHP/bot examples/getUpdates.php...
Reading /home/travis/build/Eleirbag89/TelegramBotPHP/bot examples/update.php...
Parsing file /home/travis/build/Eleirbag89/TelegramBotPHP/bot examples/update.php...
Reading /home/travis/build/Eleirbag89/TelegramBotPHP/bot examples/updatecowsay.php...
Parsing file /home/travis/build/Eleirbag89/TelegramBotPHP/bot examples/updatecowsay.php...
Preprocessing /home/travis/build/Eleirbag89/TelegramBotPHP/doc/html/dynsections.js...
Parsing file /home/travis/build/Eleirbag89/TelegramBotPHP/doc/html/dynsections.js...
Preprocessing /home/travis/build/Eleirbag89/TelegramBotPHP/doc/html/jquery.js...
Parsing file /home/travis/build/Eleirbag89/TelegramBotPHP/doc/html/jquery.js...
Preprocessing /home/travis/build/Eleirbag89/TelegramBotPHP/doc/html/search/all_0.js...
Parsing file /home/travis/build/Eleirbag89/TelegramBotPHP/doc/html/search/all_0.js...
Preprocessing /home/travis/build/Eleirbag89/TelegramBotPHP/doc/html/search/all_1.js...
Parsing file /home/travis/build/Eleirbag89/TelegramBotPHP/doc/html/search/all_1.js...
Preprocessing /home/travis/build/Eleirbag89/TelegramBotPHP/doc/html/search/all_2.js...
Parsing file /home/travis/build/Eleirbag89/TelegramBotPHP/doc/html/search/all_2.js...
Preprocessing /home/travis/build/Eleirbag89/TelegramBotPHP/doc/html/search/all_3.js...
Parsing file /home/travis/build/Eleirbag89/TelegramBotPHP/doc/html/search/all_3.js...
Preprocessing /home/travis/build/Eleirbag89/TelegramBotPHP/doc/html/search/all_4.js...
Parsing file /home/travis/build/Eleirbag89/TelegramBotPHP/doc/html/search/all_4.js...
Preprocessing /home/travis/build/Eleirbag89/TelegramBotPHP/doc/html/search/all_5.js...
Parsing file /home/travis/build/Eleirbag89/TelegramBotPHP/doc/html/search/all_5.js...
Preprocessing /home/travis/build/Eleirbag89/TelegramBotPHP/doc/html/search/all_6.js...
Parsing file /home/travis/build/Eleirbag89/TelegramBotPHP/doc/html/search/all_6.js...
Preprocessing /home/travis/build/Eleirbag89/TelegramBotPHP/doc/html/search/all_7.js...
Parsing file /home/travis/build/Eleirbag89/TelegramBotPHP/doc/html/search/all_7.js...
Preprocessing /home/travis/build/Eleirbag89/TelegramBotPHP/doc/html/search/all_8.js...
Parsing file /home/travis/build/Eleirbag89/TelegramBotPHP/doc/html/search/all_8.js...
Preprocessing /home/travis/build/Eleirbag89/TelegramBotPHP/doc/html/search/all_9.js...
Parsing file /home/travis/build/Eleirbag89/TelegramBotPHP/doc/html/search/all_9.js...
Preprocessing /home/travis/build/Eleirbag89/TelegramBotPHP/doc/html/search/all_a.js...
Parsing file /home/travis/build/Eleirbag89/TelegramBotPHP/doc/html/search/all_a.js...
Preprocessing /home/travis/build/Eleirbag89/TelegramBotPHP/doc/html/search/all_b.js...
Parsing file /home/travis/build/Eleirbag89/TelegramBotPHP/doc/html/search/all_b.js...
Preprocessing /home/travis/build/Eleirbag89/TelegramBotPHP/doc/html/search/all_c.js...
Parsing file /home/travis/build/Eleirbag89/TelegramBotPHP/doc/html/search/all_c.js...
Preprocessing /home/travis/build/Eleirbag89/TelegramBotPHP/doc/html/search/all_d.js...
Parsing file /home/travis/build/Eleirbag89/TelegramBotPHP/doc/html/search/all_d.js...
Preprocessing /home/travis/build/Eleirbag89/TelegramBotPHP/doc/html/search/all_e.js...
Parsing file /home/travis/build/Eleirbag89/TelegramBotPHP/doc/html/search/all_e.js...
Preprocessing /home/travis/build/Eleirbag89/TelegramBotPHP/doc/html/search/all_f.js...
Parsing file /home/travis/build/Eleirbag89/TelegramBotPHP/doc/html/search/all_f.js...
Preprocessing /home/travis/build/Eleirbag89/TelegramBotPHP/doc/html/search/classes_0.js...
Parsing file /home/travis/build/Eleirbag89/TelegramBotPHP/doc/html/search/classes_0.js...
Preprocessing /home/travis/build/Eleirbag89/TelegramBotPHP/doc/html/search/functions_0.js...
Parsing file /home/travis/build/Eleirbag89/TelegramBotPHP/doc/html/search/functions_0.js...
Preprocessing /home/travis/build/Eleirbag89/TelegramBotPHP/doc/html/search/functions_1.js...
Parsing file /home/travis/build/Eleirbag89/TelegramBotPHP/doc/html/search/functions_1.js...
Preprocessing /home/travis/build/Eleirbag89/TelegramBotPHP/doc/html/search/functions_2.js...
Parsing file /home/travis/build/Eleirbag89/TelegramBotPHP/doc/html/search/functions_2.js...
Preprocessing /home/travis/build/Eleirbag89/TelegramBotPHP/doc/html/search/functions_3.js...
Parsing file /home/travis/build/Eleirbag89/TelegramBotPHP/doc/html/search/functions_3.js...
Preprocessing /home/travis/build/Eleirbag89/TelegramBotPHP/doc/html/search/functions_4.js...
Parsing file /home/travis/build/Eleirbag89/TelegramBotPHP/doc/html/search/functions_4.js...
Preprocessing /home/travis/build/Eleirbag89/TelegramBotPHP/doc/html/search/functions_5.js...
Parsing file /home/travis/build/Eleirbag89/TelegramBotPHP/doc/html/search/functions_5.js...
Preprocessing /home/travis/build/Eleirbag89/TelegramBotPHP/doc/html/search/functions_6.js...
Parsing file /home/travis/build/Eleirbag89/TelegramBotPHP/doc/html/search/functions_6.js...
Preprocessing /home/travis/build/Eleirbag89/TelegramBotPHP/doc/html/search/functions_7.js...
Parsing file /home/travis/build/Eleirbag89/TelegramBotPHP/doc/html/search/functions_7.js...
Preprocessing /home/travis/build/Eleirbag89/TelegramBotPHP/doc/html/search/functions_8.js...
Parsing file /home/travis/build/Eleirbag89/TelegramBotPHP/doc/html/search/functions_8.js...
Preprocessing /home/travis/build/Eleirbag89/TelegramBotPHP/doc/html/search/functions_9.js...
Parsing file /home/travis/build/Eleirbag89/TelegramBotPHP/doc/html/search/functions_9.js...
Preprocessing /home/travis/build/Eleirbag89/TelegramBotPHP/doc/html/search/functions_a.js...
Parsing file /home/travis/build/Eleirbag89/TelegramBotPHP/doc/html/search/functions_a.js...
Preprocessing /home/travis/build/Eleirbag89/TelegramBotPHP/doc/html/search/functions_b.js...
Parsing file /home/travis/build/Eleirbag89/TelegramBotPHP/doc/html/search/functions_b.js...
Preprocessing /home/travis/build/Eleirbag89/TelegramBotPHP/doc/html/search/functions_c.js...
Parsing file /home/travis/build/Eleirbag89/TelegramBotPHP/doc/html/search/functions_c.js...
Preprocessing /home/travis/build/Eleirbag89/TelegramBotPHP/doc/html/search/functions_d.js...
Parsing file /home/travis/build/Eleirbag89/TelegramBotPHP/doc/html/search/functions_d.js...
Preprocessing /home/travis/build/Eleirbag89/TelegramBotPHP/doc/html/search/functions_e.js...
Parsing file /home/travis/build/Eleirbag89/TelegramBotPHP/doc/html/search/functions_e.js...
Preprocessing /home/travis/build/Eleirbag89/TelegramBotPHP/doc/html/search/functions_f.js...
Parsing file /home/travis/build/Eleirbag89/TelegramBotPHP/doc/html/search/functions_f.js...
Preprocessing /home/travis/build/Eleirbag89/TelegramBotPHP/doc/html/search/pages_0.js...
Parsing file /home/travis/build/Eleirbag89/TelegramBotPHP/doc/html/search/pages_0.js...
Preprocessing /home/travis/build/Eleirbag89/TelegramBotPHP/doc/html/search/search.js...
Parsing file /home/travis/build/Eleirbag89/TelegramBotPHP/doc/html/search/search.js...
Preprocessing /home/travis/build/Eleirbag89/TelegramBotPHP/doc/html/search/searchdata.js...
Parsing file /home/travis/build/Eleirbag89/TelegramBotPHP/doc/html/search/searchdata.js...
Preprocessing /home/travis/build/Eleirbag89/TelegramBotPHP/mainpage.dox...
Parsing file /home/travis/build/Eleirbag89/TelegramBotPHP/mainpage.dox...
Preprocessing /home/travis/build/Eleirbag89/TelegramBotPHP/README.md...
Parsing file /home/travis/build/Eleirbag89/TelegramBotPHP/README.md...
Reading /home/travis/build/Eleirbag89/TelegramBotPHP/Telegram.php...
Parsing file /home/travis/build/Eleirbag89/TelegramBotPHP/Telegram.ph/home/travis/build/Eleirbag89/TelegramBotPHP/Telegram.php:1416: warning: Found unknown command `\mentioned'
/home/travis/build/Eleirbag89/TelegramBotPHP/Telegram.php:1496: warning: Found unknown command `\mentioned'
/home/travis/build/Eleirbag89/TelegramBotPHP/Telegram.php:1113: warning: Found unknown command `\channelusername'
/home/travis/build/Eleirbag89/TelegramBotPHP/Telegram.php:1160: warning: Found unknown command `\channelusername'
/home/travis/build/Eleirbag89/TelegramBotPHP/Telegram.php:1054: warning: Found unknown command `\channelusername'
/home/travis/build/Eleirbag89/TelegramBotPHP/Telegram.php:801: warning: Found unknown command `\channelusername'
/home/travis/build/Eleirbag89/TelegramBotPHP/Telegram.php:824: warning: Found unknown command `\channelusername'
/home/travis/build/Eleirbag89/TelegramBotPHP/Telegram.php:870: warning: Found unknown command `\channelusername'
/home/travis/build/Eleirbag89/TelegramBotPHP/Telegram.php:847: warning: Found unknown command `\channelusername'
/home/travis/build/Eleirbag89/TelegramBotPHP/Telegram.php:696: warning: Unsupported xml/html tag <token> found
/home/travis/build/Eleirbag89/TelegramBotPHP/Telegram.php:696: warning: Unsupported xml/html tag <file_path> found
/home/travis/build/Eleirbag89/TelegramBotPHP/Telegram.php:696: warning: Unsupported xml/html tag <file_path> found
/home/travis/build/Eleirbag89/TelegramBotPHP/Telegram.php:709: warning: expected <tr> or <caption> tag but found <tbody> instead!
/home/travis/build/Eleirbag89/TelegramBotPHP/Telegram.php:720: warning: Found unknown command `\supergroupusername'
/home/travis/build/Eleirbag89/TelegramBotPHP/Telegram.php:749: warning: Found unknown command `\channelusername'
/home/travis/build/Eleirbag89/TelegramBotPHP/Telegram.php:579: warning: Found unknown command `\channelusername'
/home/travis/build/Eleirbag89/TelegramBotPHP/Telegram.php:507: warning: Found unknown command `\channelusername'
/home/travis/build/Eleirbag89/TelegramBotPHP/Telegram.php:1210: warning: Unsupported xml/html tag <token> found
/home/travis/build/Eleirbag89/TelegramBotPHP/Telegram.php:772: warning: Found unknown command `\supergroupusername'
p...
Building group list...
Building directory list...
Building namespace list...
Building file list...
Building class list...
Associating documentation with classes...
Computing nesting relations for classes...
Building example list...
Searching for enumerations...
Searching for documented typedefs...
Searching for members imported via using declarations...
Searching for included using directives...
Searching for documented variables...
Building member list...
Searching for friends...
Searching for documented defines...
Computing class inheritance relations...
Computing class usage relations...
Flushing cached template relations that have become invalid...
Creating members for template instances...
Computing class relations...
Add enum values to enums...
Searching for member function documentation...
Building page list...
Search for main page...
Computing page relations...
Determining the scope of groups...
Sorting lists...
Freeing entry tree
Determining which enums are documented
Computing member relations...
Building full member lists recursively...
Adding members to member groups.
Computing member references...
Inheriting documentation...
Generating disk names...
Adding source references...
Adding xrefitems...
Sorting member lists...
Generating citations page...
Counting data structures...
Resolving user defined references...
Finding anchors and sections in the documentation...
Combining using relations...
Adding members to index pages...
Generating style sheet...
Generating search indices...
Generating example documentation...
Generating file sources...
Generating file documentation...
Generating page documentation...
Generating group documentation...
Generating class documentation...
Generating docs for compound Telegram...
Generating namespace index...
Generating graph info page...
Generating index page...
Generating page index...
Generating module index...
Generating namespace index...
Generating namespace member index...
Generating annotated compound index...
Generating alphabetical compound index...
Generating hierarchical class index...
Generating member index...
Generating file index...
Generating file member index...
Generating example index...
finalizing index lists...
symbol cache used 133/65536 hits=3657 misses=133
lookup cache used 56/65536 hits=113 misses=56
finished...
