\BOOKMARK [0][-]{chapter.1}{\376\377\0001\000\040\000T\000e\000l\000e\000g\000r\000a\000m\000B\000o\000t\000P\000H\000P\000\040\000d\000o\000c\000u\000m\000e\000n\000t\000a\000t\000i\000o\000n}{}% 1
\BOOKMARK [0][-]{chapter.2}{\376\377\0002\000\040\000L\000I\000C\000E\000N\000S\000E}{}% 2
\BOOKMARK [0][-]{chapter.3}{\376\377\0003\000\040\000T\000e\000l\000e\000g\000r\000a\000m\000B\000o\000t\000P\000H\000P}{}% 3
\BOOKMARK [1][-]{section.3.1}{\376\377\0003\000.\0001\000\040\000R\000e\000q\000u\000i\000r\000e\000m\000e\000n\000t\000s}{chapter.3}% 4
\BOOKMARK [1][-]{section.3.2}{\376\377\0003\000.\0002\000\040\000D\000o\000w\000n\000l\000o\000a\000d}{chapter.3}% 5
\BOOKMARK [2][-]{subsubsection.3.2.0.1}{\376\377\0003\000.\0002\000.\0000\000.\0001\000\040\000U\000s\000i\000n\000g\000\040\000C\000o\000m\000p\000o\000s\000e\000r}{section.3.2}% 6
\BOOKMARK [3][-]{subsubsection.3.2.0.2}{\376\377\0003\000.\0002\000.\0000\000.\0002\000\040\000U\000s\000i\000n\000g\000\040\000r\000e\000l\000e\000a\000s\000e\000\040\000a\000r\000c\000h\000i\000v\000e\000s}{subsubsection.3.2.0.1}% 7
\BOOKMARK [3][-]{subsubsection.3.2.0.3}{\376\377\0003\000.\0002\000.\0000\000.\0003\000\040\000U\000s\000i\000n\000g\000\040\000G\000i\000t}{subsubsection.3.2.0.1}% 8
\BOOKMARK [1][-]{section.3.3}{\376\377\0003\000.\0003\000\040\000I\000n\000s\000t\000a\000l\000l\000a\000t\000i\000o\000n}{chapter.3}% 9
\BOOKMARK [2][-]{subsubsection.3.3.0.1}{\376\377\0003\000.\0003\000.\0000\000.\0001\000\040\000V\000i\000a\000\040\000C\000o\000m\000p\000o\000s\000e\000r\000\047\000s\000\040\000a\000u\000t\000o\000l\000o\000a\000d\000e\000r}{section.3.3}% 10
\BOOKMARK [3][-]{subsubsection.3.3.0.2}{\376\377\0003\000.\0003\000.\0000\000.\0002\000\040\000V\000i\000a\000\040\000T\000e\000l\000e\000g\000r\000a\000m\000B\000o\000t\000P\000H\000P\000\040\000c\000l\000a\000s\000s}{subsubsection.3.3.0.1}% 11
\BOOKMARK [1][-]{section.3.4}{\376\377\0003\000.\0004\000\040\000C\000o\000n\000f\000i\000g\000u\000r\000a\000t\000i\000o\000n\000\040\000\050\000W\000e\000b\000H\000o\000o\000k\000\051}{chapter.3}% 12
\BOOKMARK [1][-]{section.3.5}{\376\377\0003\000.\0005\000\040\000E\000x\000a\000m\000p\000l\000e\000s}{chapter.3}% 13
\BOOKMARK [1][-]{section.3.6}{\376\377\0003\000.\0006\000\040\000F\000u\000n\000c\000t\000i\000o\000n\000s}{chapter.3}% 14
\BOOKMARK [1][-]{section.3.7}{\376\377\0003\000.\0007\000\040\000B\000u\000i\000l\000d\000\040\000k\000e\000y\000b\000o\000a\000r\000d\000s}{chapter.3}% 15
\BOOKMARK [1][-]{section.3.8}{\376\377\0003\000.\0008\000\040\000L\000i\000s\000t\000\040\000o\000f\000\040\000B\000o\000t\000s\000\040\000u\000s\000i\000n\000g\000\040\000t\000h\000e\000\040\000l\000i\000b\000r\000a\000r\000y}{chapter.3}% 16
\BOOKMARK [1][-]{section.3.9}{\376\377\0003\000.\0009\000\040\000E\000m\000o\000t\000i\000c\000o\000n\000s}{chapter.3}% 17
\BOOKMARK [1][-]{section.3.10}{\376\377\0003\000.\0001\0000\000\040\000L\000i\000c\000e\000n\000s\000e}{chapter.3}% 18
\BOOKMARK [1][-]{section.3.11}{\376\377\0003\000.\0001\0001\000\040\000C\000o\000n\000t\000r\000i\000b\000u\000t\000i\000n\000g}{chapter.3}% 19
\BOOKMARK [1][-]{section.3.12}{\376\377\0003\000.\0001\0002\000\040\000C\000o\000n\000t\000a\000c\000t\000\040\000m\000e}{chapter.3}% 20
\BOOKMARK [1][-]{section.3.13}{\376\377\0003\000.\0001\0003\000\040\000S\000u\000p\000p\000o\000r\000t\000\040\000m\000e}{chapter.3}% 21
\BOOKMARK [0][-]{chapter.4}{\376\377\0004\000\040\000D\000e\000p\000r\000e\000c\000a\000t\000e\000d\000\040\000L\000i\000s\000t}{}% 22
\BOOKMARK [0][-]{chapter.5}{\376\377\0005\000\040\000D\000a\000t\000a\000\040\000S\000t\000r\000u\000c\000t\000u\000r\000e\000\040\000I\000n\000d\000e\000x}{}% 23
\BOOKMARK [1][-]{section.5.1}{\376\377\0005\000.\0001\000\040\000D\000a\000t\000a\000\040\000S\000t\000r\000u\000c\000t\000u\000r\000e\000s}{chapter.5}% 24
\BOOKMARK [0][-]{chapter.6}{\376\377\0006\000\040\000D\000a\000t\000a\000\040\000S\000t\000r\000u\000c\000t\000u\000r\000e\000\040\000D\000o\000c\000u\000m\000e\000n\000t\000a\000t\000i\000o\000n}{}% 25
\BOOKMARK [1][-]{section.6.1}{\376\377\0006\000.\0001\000\040\000T\000e\000l\000e\000g\000r\000a\000m\000\040\000C\000l\000a\000s\000s\000\040\000R\000e\000f\000e\000r\000e\000n\000c\000e}{chapter.6}% 26
\BOOKMARK [2][-]{subsection.6.1.1}{\376\377\0006\000.\0001\000.\0001\000\040\000D\000e\000t\000a\000i\000l\000e\000d\000\040\000D\000e\000s\000c\000r\000i\000p\000t\000i\000o\000n}{section.6.1}% 27
\BOOKMARK [2][-]{subsection.6.1.2}{\376\377\0006\000.\0001\000.\0002\000\040\000C\000o\000n\000s\000t\000r\000u\000c\000t\000o\000r\000\040\000\046\000\040\000D\000e\000s\000t\000r\000u\000c\000t\000o\000r\000\040\000D\000o\000c\000u\000m\000e\000n\000t\000a\000t\000i\000o\000n}{section.6.1}% 28
\BOOKMARK [3][-]{subsubsection.6.1.2.1}{\376\377\0006\000.\0001\000.\0002\000.\0001\000\040\000\137\000\137\000c\000o\000n\000s\000t\000r\000u\000c\000t\000\050\000\051}{subsection.6.1.2}% 29
\BOOKMARK [2][-]{subsection.6.1.3}{\376\377\0006\000.\0001\000.\0003\000\040\000M\000e\000m\000b\000e\000r\000\040\000F\000u\000n\000c\000t\000i\000o\000n\000\040\000D\000o\000c\000u\000m\000e\000n\000t\000a\000t\000i\000o\000n}{section.6.1}% 30
\BOOKMARK [3][-]{subsubsection.6.1.3.1}{\376\377\0006\000.\0001\000.\0003\000.\0001\000\040\000a\000d\000d\000S\000t\000i\000c\000k\000e\000r\000T\000o\000S\000e\000t\000\050\000\051}{subsection.6.1.3}% 31
\BOOKMARK [3][-]{subsubsection.6.1.3.2}{\376\377\0006\000.\0001\000.\0003\000.\0002\000\040\000a\000n\000s\000w\000e\000r\000C\000a\000l\000l\000b\000a\000c\000k\000Q\000u\000e\000r\000y\000\050\000\051}{subsection.6.1.3}% 32
\BOOKMARK [3][-]{subsubsection.6.1.3.3}{\376\377\0006\000.\0001\000.\0003\000.\0003\000\040\000a\000n\000s\000w\000e\000r\000I\000n\000l\000i\000n\000e\000Q\000u\000e\000r\000y\000\050\000\051}{subsection.6.1.3}% 33
\BOOKMARK [3][-]{subsubsection.6.1.3.4}{\376\377\0006\000.\0001\000.\0003\000.\0004\000\040\000a\000n\000s\000w\000e\000r\000P\000r\000e\000C\000h\000e\000c\000k\000o\000u\000t\000Q\000u\000e\000r\000y\000\050\000\051}{subsection.6.1.3}% 34
\BOOKMARK [3][-]{subsubsection.6.1.3.5}{\376\377\0006\000.\0001\000.\0003\000.\0005\000\040\000a\000n\000s\000w\000e\000r\000S\000h\000i\000p\000p\000i\000n\000g\000Q\000u\000e\000r\000y\000\050\000\051}{subsection.6.1.3}% 35
\BOOKMARK [3][-]{subsubsection.6.1.3.6}{\376\377\0006\000.\0001\000.\0003\000.\0006\000\040\000a\000p\000p\000r\000o\000v\000e\000C\000h\000a\000t\000J\000o\000i\000n\000R\000e\000q\000u\000e\000s\000t\000\050\000\051}{subsection.6.1.3}% 36
\BOOKMARK [3][-]{subsubsection.6.1.3.7}{\376\377\0006\000.\0001\000.\0003\000.\0007\000\040\000b\000a\000n\000C\000h\000a\000t\000M\000e\000m\000b\000e\000r\000\050\000\051}{subsection.6.1.3}% 37
\BOOKMARK [3][-]{subsubsection.6.1.3.8}{\376\377\0006\000.\0001\000.\0003\000.\0008\000\040\000b\000a\000n\000C\000h\000a\000t\000S\000e\000n\000d\000e\000r\000C\000h\000a\000t\000\050\000\051}{subsection.6.1.3}% 38
\BOOKMARK [3][-]{subsubsection.6.1.3.9}{\376\377\0006\000.\0001\000.\0003\000.\0009\000\040\000b\000u\000i\000l\000d\000I\000n\000l\000i\000n\000e\000K\000e\000y\000B\000o\000a\000r\000d\000\050\000\051}{subsection.6.1.3}% 39
\BOOKMARK [3][-]{subsubsection.6.1.3.10}{\376\377\0006\000.\0001\000.\0003\000.\0001\0000\000\040\000b\000u\000i\000l\000d\000I\000n\000l\000i\000n\000e\000K\000e\000y\000b\000o\000a\000r\000d\000B\000u\000t\000t\000o\000n\000\050\000\051}{subsection.6.1.3}% 40
\BOOKMARK [3][-]{subsubsection.6.1.3.11}{\376\377\0006\000.\0001\000.\0003\000.\0001\0001\000\040\000b\000u\000i\000l\000d\000K\000e\000y\000B\000o\000a\000r\000d\000\050\000\051}{subsection.6.1.3}% 41
\BOOKMARK [3][-]{subsubsection.6.1.3.12}{\376\377\0006\000.\0001\000.\0003\000.\0001\0002\000\040\000b\000u\000i\000l\000d\000K\000e\000y\000b\000o\000a\000r\000d\000B\000u\000t\000t\000o\000n\000\050\000\051}{subsection.6.1.3}% 42
\BOOKMARK [3][-]{subsubsection.6.1.3.13}{\376\377\0006\000.\0001\000.\0003\000.\0001\0003\000\040\000b\000u\000i\000l\000d\000K\000e\000y\000B\000o\000a\000r\000d\000H\000i\000d\000e\000\050\000\051}{subsection.6.1.3}% 43
\BOOKMARK [3][-]{subsubsection.6.1.3.14}{\376\377\0006\000.\0001\000.\0003\000.\0001\0004\000\040\000C\000a\000l\000l\000b\000a\000c\000k\000\137\000C\000h\000a\000t\000I\000D\000\050\000\051}{subsection.6.1.3}% 44
\BOOKMARK [3][-]{subsubsection.6.1.3.15}{\376\377\0006\000.\0001\000.\0003\000.\0001\0005\000\040\000C\000a\000l\000l\000b\000a\000c\000k\000\137\000D\000a\000t\000a\000\050\000\051}{subsection.6.1.3}% 45
\BOOKMARK [3][-]{subsubsection.6.1.3.16}{\376\377\0006\000.\0001\000.\0003\000.\0001\0006\000\040\000C\000a\000l\000l\000b\000a\000c\000k\000\137\000F\000r\000o\000m\000I\000D\000\050\000\051}{subsection.6.1.3}% 46
\BOOKMARK [3][-]{subsubsection.6.1.3.17}{\376\377\0006\000.\0001\000.\0003\000.\0001\0007\000\040\000C\000a\000l\000l\000b\000a\000c\000k\000\137\000I\000D\000\050\000\051}{subsection.6.1.3}% 47
\BOOKMARK [3][-]{subsubsection.6.1.3.18}{\376\377\0006\000.\0001\000.\0003\000.\0001\0008\000\040\000C\000a\000l\000l\000b\000a\000c\000k\000\137\000M\000e\000s\000s\000a\000g\000e\000\050\000\051}{subsection.6.1.3}% 48
\BOOKMARK [3][-]{subsubsection.6.1.3.19}{\376\377\0006\000.\0001\000.\0003\000.\0001\0009\000\040\000C\000a\000l\000l\000b\000a\000c\000k\000\137\000Q\000u\000e\000r\000y\000\050\000\051}{subsection.6.1.3}% 49
\BOOKMARK [3][-]{subsubsection.6.1.3.20}{\376\377\0006\000.\0001\000.\0003\000.\0002\0000\000\040\000C\000h\000a\000t\000I\000D\000\050\000\051}{subsection.6.1.3}% 50
\BOOKMARK [3][-]{subsubsection.6.1.3.21}{\376\377\0006\000.\0001\000.\0003\000.\0002\0001\000\040\000c\000l\000o\000s\000e\000\050\000\051}{subsection.6.1.3}% 51
\BOOKMARK [3][-]{subsubsection.6.1.3.22}{\376\377\0006\000.\0001\000.\0003\000.\0002\0002\000\040\000c\000o\000p\000y\000M\000e\000s\000s\000a\000g\000e\000\050\000\051}{subsection.6.1.3}% 52
\BOOKMARK [3][-]{subsubsection.6.1.3.23}{\376\377\0006\000.\0001\000.\0003\000.\0002\0003\000\040\000c\000r\000e\000a\000t\000e\000C\000h\000a\000t\000I\000n\000v\000i\000t\000e\000L\000i\000n\000k\000\050\000\051}{subsection.6.1.3}% 53
\BOOKMARK [3][-]{subsubsection.6.1.3.24}{\376\377\0006\000.\0001\000.\0003\000.\0002\0004\000\040\000c\000r\000e\000a\000t\000e\000N\000e\000w\000S\000t\000i\000c\000k\000e\000r\000S\000e\000t\000\050\000\051}{subsection.6.1.3}% 54
\BOOKMARK [3][-]{subsubsection.6.1.3.25}{\376\377\0006\000.\0001\000.\0003\000.\0002\0005\000\040\000D\000a\000t\000e\000\050\000\051}{subsection.6.1.3}% 55
\BOOKMARK [3][-]{subsubsection.6.1.3.26}{\376\377\0006\000.\0001\000.\0003\000.\0002\0006\000\040\000d\000e\000c\000l\000i\000n\000e\000C\000h\000a\000t\000J\000o\000i\000n\000R\000e\000q\000u\000e\000s\000t\000\050\000\051}{subsection.6.1.3}% 56
\BOOKMARK [3][-]{subsubsection.6.1.3.27}{\376\377\0006\000.\0001\000.\0003\000.\0002\0007\000\040\000d\000e\000l\000e\000t\000e\000C\000h\000a\000t\000P\000h\000o\000t\000o\000\050\000\051}{subsection.6.1.3}% 57
\BOOKMARK [3][-]{subsubsection.6.1.3.28}{\376\377\0006\000.\0001\000.\0003\000.\0002\0008\000\040\000d\000e\000l\000e\000t\000e\000C\000h\000a\000t\000S\000t\000i\000c\000k\000e\000r\000S\000e\000t\000\050\000\051}{subsection.6.1.3}% 58
\BOOKMARK [3][-]{subsubsection.6.1.3.29}{\376\377\0006\000.\0001\000.\0003\000.\0002\0009\000\040\000d\000e\000l\000e\000t\000e\000M\000e\000s\000s\000a\000g\000e\000\050\000\051}{subsection.6.1.3}% 59
\BOOKMARK [3][-]{subsubsection.6.1.3.30}{\376\377\0006\000.\0001\000.\0003\000.\0003\0000\000\040\000d\000e\000l\000e\000t\000e\000M\000y\000C\000o\000m\000m\000a\000n\000d\000s\000\050\000\051}{subsection.6.1.3}% 60
\BOOKMARK [3][-]{subsubsection.6.1.3.31}{\376\377\0006\000.\0001\000.\0003\000.\0003\0001\000\040\000d\000e\000l\000e\000t\000e\000S\000t\000i\000c\000k\000e\000r\000F\000r\000o\000m\000S\000e\000t\000\050\000\051}{subsection.6.1.3}% 61
\BOOKMARK [3][-]{subsubsection.6.1.3.32}{\376\377\0006\000.\0001\000.\0003\000.\0003\0002\000\040\000d\000e\000l\000e\000t\000e\000W\000e\000b\000h\000o\000o\000k\000\050\000\051}{subsection.6.1.3}% 62
\BOOKMARK [3][-]{subsubsection.6.1.3.33}{\376\377\0006\000.\0001\000.\0003\000.\0003\0003\000\040\000d\000o\000w\000n\000l\000o\000a\000d\000F\000i\000l\000e\000\050\000\051}{subsection.6.1.3}% 63
\BOOKMARK [3][-]{subsubsection.6.1.3.34}{\376\377\0006\000.\0001\000.\0003\000.\0003\0004\000\040\000e\000d\000i\000t\000C\000h\000a\000t\000I\000n\000v\000i\000t\000e\000L\000i\000n\000k\000\050\000\051}{subsection.6.1.3}% 64
\BOOKMARK [3][-]{subsubsection.6.1.3.35}{\376\377\0006\000.\0001\000.\0003\000.\0003\0005\000\040\000e\000d\000i\000t\000M\000e\000s\000s\000a\000g\000e\000C\000a\000p\000t\000i\000o\000n\000\050\000\051}{subsection.6.1.3}% 65
\BOOKMARK [3][-]{subsubsection.6.1.3.36}{\376\377\0006\000.\0001\000.\0003\000.\0003\0006\000\040\000e\000d\000i\000t\000M\000e\000s\000s\000a\000g\000e\000L\000i\000v\000e\000L\000o\000c\000a\000t\000i\000o\000n\000\050\000\051}{subsection.6.1.3}% 66
\BOOKMARK [3][-]{subsubsection.6.1.3.37}{\376\377\0006\000.\0001\000.\0003\000.\0003\0007\000\040\000e\000d\000i\000t\000M\000e\000s\000s\000a\000g\000e\000M\000e\000d\000i\000a\000\050\000\051}{subsection.6.1.3}% 67
\BOOKMARK [3][-]{subsubsection.6.1.3.38}{\376\377\0006\000.\0001\000.\0003\000.\0003\0008\000\040\000e\000d\000i\000t\000M\000e\000s\000s\000a\000g\000e\000R\000e\000p\000l\000y\000M\000a\000r\000k\000u\000p\000\050\000\051}{subsection.6.1.3}% 68
\BOOKMARK [3][-]{subsubsection.6.1.3.39}{\376\377\0006\000.\0001\000.\0003\000.\0003\0009\000\040\000e\000d\000i\000t\000M\000e\000s\000s\000a\000g\000e\000T\000e\000x\000t\000\050\000\051}{subsection.6.1.3}% 69
\BOOKMARK [3][-]{subsubsection.6.1.3.40}{\376\377\0006\000.\0001\000.\0003\000.\0004\0000\000\040\000e\000n\000d\000p\000o\000i\000n\000t\000\050\000\051}{subsection.6.1.3}% 70
\BOOKMARK [3][-]{subsubsection.6.1.3.41}{\376\377\0006\000.\0001\000.\0003\000.\0004\0001\000\040\000e\000x\000p\000o\000r\000t\000C\000h\000a\000t\000I\000n\000v\000i\000t\000e\000L\000i\000n\000k\000\050\000\051}{subsection.6.1.3}% 71
\BOOKMARK [3][-]{subsubsection.6.1.3.42}{\376\377\0006\000.\0001\000.\0003\000.\0004\0002\000\040\000f\000o\000r\000w\000a\000r\000d\000M\000e\000s\000s\000a\000g\000e\000\050\000\051}{subsection.6.1.3}% 72
\BOOKMARK [3][-]{subsubsection.6.1.3.43}{\376\377\0006\000.\0001\000.\0003\000.\0004\0003\000\040\000g\000e\000t\000C\000h\000a\000t\000\050\000\051}{subsection.6.1.3}% 73
\BOOKMARK [3][-]{subsubsection.6.1.3.44}{\376\377\0006\000.\0001\000.\0003\000.\0004\0004\000\040\000g\000e\000t\000C\000h\000a\000t\000A\000d\000m\000i\000n\000i\000s\000t\000r\000a\000t\000o\000r\000s\000\050\000\051}{subsection.6.1.3}% 74
\BOOKMARK [3][-]{subsubsection.6.1.3.45}{\376\377\0006\000.\0001\000.\0003\000.\0004\0005\000\040\000g\000e\000t\000C\000h\000a\000t\000M\000e\000m\000b\000e\000r\000\050\000\051}{subsection.6.1.3}% 75
\BOOKMARK [3][-]{subsubsection.6.1.3.46}{\376\377\0006\000.\0001\000.\0003\000.\0004\0006\000\040\000g\000e\000t\000C\000h\000a\000t\000M\000e\000m\000b\000e\000r\000C\000o\000u\000n\000t\000\050\000\051}{subsection.6.1.3}% 76
\BOOKMARK [3][-]{subsubsection.6.1.3.47}{\376\377\0006\000.\0001\000.\0003\000.\0004\0007\000\040\000g\000e\000t\000C\000h\000a\000t\000M\000e\000m\000b\000e\000r\000s\000C\000o\000u\000n\000t\000\050\000\051}{subsection.6.1.3}% 77
\BOOKMARK [3][-]{subsubsection.6.1.3.48}{\376\377\0006\000.\0001\000.\0003\000.\0004\0008\000\040\000g\000e\000t\000C\000h\000a\000t\000M\000e\000n\000u\000B\000u\000t\000t\000o\000n\000\050\000\051}{subsection.6.1.3}% 78
\BOOKMARK [3][-]{subsubsection.6.1.3.49}{\376\377\0006\000.\0001\000.\0003\000.\0004\0009\000\040\000g\000e\000t\000C\000o\000n\000t\000a\000c\000t\000P\000h\000o\000n\000e\000N\000u\000m\000b\000e\000r\000\050\000\051}{subsection.6.1.3}% 79
\BOOKMARK [3][-]{subsubsection.6.1.3.50}{\376\377\0006\000.\0001\000.\0003\000.\0005\0000\000\040\000g\000e\000t\000D\000a\000t\000a\000\050\000\051}{subsection.6.1.3}% 80
\BOOKMARK [3][-]{subsubsection.6.1.3.51}{\376\377\0006\000.\0001\000.\0003\000.\0005\0001\000\040\000g\000e\000t\000F\000i\000l\000e\000\050\000\051}{subsection.6.1.3}% 81
\BOOKMARK [3][-]{subsubsection.6.1.3.52}{\376\377\0006\000.\0001\000.\0003\000.\0005\0002\000\040\000g\000e\000t\000G\000a\000m\000e\000H\000i\000g\000h\000S\000c\000o\000r\000e\000s\000\050\000\051}{subsection.6.1.3}% 82
\BOOKMARK [3][-]{subsubsection.6.1.3.53}{\376\377\0006\000.\0001\000.\0003\000.\0005\0003\000\040\000g\000e\000t\000M\000e\000\050\000\051}{subsection.6.1.3}% 83
\BOOKMARK [3][-]{subsubsection.6.1.3.54}{\376\377\0006\000.\0001\000.\0003\000.\0005\0004\000\040\000g\000e\000t\000M\000y\000C\000o\000m\000m\000a\000n\000d\000s\000\050\000\051}{subsection.6.1.3}% 84
\BOOKMARK [3][-]{subsubsection.6.1.3.55}{\376\377\0006\000.\0001\000.\0003\000.\0005\0005\000\040\000g\000e\000t\000M\000y\000D\000e\000f\000a\000u\000l\000t\000A\000d\000m\000i\000n\000i\000s\000t\000r\000a\000t\000o\000r\000R\000i\000g\000h\000t\000s\000\050\000\051}{subsection.6.1.3}% 85
\BOOKMARK [3][-]{subsubsection.6.1.3.56}{\376\377\0006\000.\0001\000.\0003\000.\0005\0006\000\040\000g\000e\000t\000S\000t\000i\000c\000k\000e\000r\000S\000e\000t\000\050\000\051}{subsection.6.1.3}% 86
\BOOKMARK [3][-]{subsubsection.6.1.3.57}{\376\377\0006\000.\0001\000.\0003\000.\0005\0007\000\040\000g\000e\000t\000U\000p\000d\000a\000t\000e\000s\000\050\000\051}{subsection.6.1.3}% 87
\BOOKMARK [3][-]{subsubsection.6.1.3.58}{\376\377\0006\000.\0001\000.\0003\000.\0005\0008\000\040\000g\000e\000t\000U\000p\000d\000a\000t\000e\000T\000y\000p\000e\000\050\000\051}{subsection.6.1.3}% 88
\BOOKMARK [3][-]{subsubsection.6.1.3.59}{\376\377\0006\000.\0001\000.\0003\000.\0005\0009\000\040\000g\000e\000t\000U\000s\000e\000r\000P\000r\000o\000f\000i\000l\000e\000P\000h\000o\000t\000o\000s\000\050\000\051}{subsection.6.1.3}% 89
\BOOKMARK [3][-]{subsubsection.6.1.3.60}{\376\377\0006\000.\0001\000.\0003\000.\0006\0000\000\040\000I\000n\000l\000i\000n\000e\000\137\000Q\000u\000e\000r\000y\000\050\000\051}{subsection.6.1.3}% 90
\BOOKMARK [3][-]{subsubsection.6.1.3.61}{\376\377\0006\000.\0001\000.\0003\000.\0006\0001\000\040\000k\000i\000c\000k\000C\000h\000a\000t\000M\000e\000m\000b\000e\000r\000\050\000\051}{subsection.6.1.3}% 91
\BOOKMARK [3][-]{subsubsection.6.1.3.62}{\376\377\0006\000.\0001\000.\0003\000.\0006\0002\000\040\000l\000e\000a\000v\000e\000C\000h\000a\000t\000\050\000\051}{subsection.6.1.3}% 92
\BOOKMARK [3][-]{subsubsection.6.1.3.63}{\376\377\0006\000.\0001\000.\0003\000.\0006\0003\000\040\000l\000o\000g\000O\000u\000t\000\050\000\051}{subsection.6.1.3}% 93
\BOOKMARK [3][-]{subsubsection.6.1.3.64}{\376\377\0006\000.\0001\000.\0003\000.\0006\0004\000\040\000m\000e\000s\000s\000a\000g\000e\000F\000r\000o\000m\000G\000r\000o\000u\000p\000\050\000\051}{subsection.6.1.3}% 94
\BOOKMARK [3][-]{subsubsection.6.1.3.65}{\376\377\0006\000.\0001\000.\0003\000.\0006\0005\000\040\000m\000e\000s\000s\000a\000g\000e\000F\000r\000o\000m\000G\000r\000o\000u\000p\000T\000i\000t\000l\000e\000\050\000\051}{subsection.6.1.3}% 95
\BOOKMARK [3][-]{subsubsection.6.1.3.66}{\376\377\0006\000.\0001\000.\0003\000.\0006\0006\000\040\000M\000e\000s\000s\000a\000g\000e\000I\000D\000\050\000\051}{subsection.6.1.3}% 96
\BOOKMARK [3][-]{subsubsection.6.1.3.67}{\376\377\0006\000.\0001\000.\0003\000.\0006\0007\000\040\000p\000i\000n\000C\000h\000a\000t\000M\000e\000s\000s\000a\000g\000e\000\050\000\051}{subsection.6.1.3}% 97
\BOOKMARK [3][-]{subsubsection.6.1.3.68}{\376\377\0006\000.\0001\000.\0003\000.\0006\0008\000\040\000p\000r\000o\000m\000o\000t\000e\000C\000h\000a\000t\000M\000e\000m\000b\000e\000r\000\050\000\051}{subsection.6.1.3}% 98
\BOOKMARK [3][-]{subsubsection.6.1.3.69}{\376\377\0006\000.\0001\000.\0003\000.\0006\0009\000\040\000R\000e\000p\000l\000y\000T\000o\000M\000e\000s\000s\000a\000g\000e\000F\000r\000o\000m\000U\000s\000e\000r\000I\000D\000\050\000\051}{subsection.6.1.3}% 99
\BOOKMARK [3][-]{subsubsection.6.1.3.70}{\376\377\0006\000.\0001\000.\0003\000.\0007\0000\000\040\000R\000e\000p\000l\000y\000T\000o\000M\000e\000s\000s\000a\000g\000e\000I\000D\000\050\000\051}{subsection.6.1.3}% 100
\BOOKMARK [3][-]{subsubsection.6.1.3.71}{\376\377\0006\000.\0001\000.\0003\000.\0007\0001\000\040\000r\000e\000s\000p\000o\000n\000d\000S\000u\000c\000c\000e\000s\000s\000\050\000\051}{subsection.6.1.3}% 101
\BOOKMARK [3][-]{subsubsection.6.1.3.72}{\376\377\0006\000.\0001\000.\0003\000.\0007\0002\000\040\000r\000e\000s\000t\000r\000i\000c\000t\000C\000h\000a\000t\000M\000e\000m\000b\000e\000r\000\050\000\051}{subsection.6.1.3}% 102
\BOOKMARK [3][-]{subsubsection.6.1.3.73}{\376\377\0006\000.\0001\000.\0003\000.\0007\0003\000\040\000r\000e\000v\000o\000k\000e\000C\000h\000a\000t\000I\000n\000v\000i\000t\000e\000L\000i\000n\000k\000\050\000\051}{subsection.6.1.3}% 103
\BOOKMARK [3][-]{subsubsection.6.1.3.74}{\376\377\0006\000.\0001\000.\0003\000.\0007\0004\000\040\000s\000e\000n\000d\000A\000n\000i\000m\000a\000t\000i\000o\000n\000\050\000\051}{subsection.6.1.3}% 104
\BOOKMARK [3][-]{subsubsection.6.1.3.75}{\376\377\0006\000.\0001\000.\0003\000.\0007\0005\000\040\000s\000e\000n\000d\000A\000u\000d\000i\000o\000\050\000\051}{subsection.6.1.3}% 105
\BOOKMARK [3][-]{subsubsection.6.1.3.76}{\376\377\0006\000.\0001\000.\0003\000.\0007\0006\000\040\000s\000e\000n\000d\000C\000h\000a\000t\000A\000c\000t\000i\000o\000n\000\050\000\051}{subsection.6.1.3}% 106
\BOOKMARK [3][-]{subsubsection.6.1.3.77}{\376\377\0006\000.\0001\000.\0003\000.\0007\0007\000\040\000s\000e\000n\000d\000C\000o\000n\000t\000a\000c\000t\000\050\000\051}{subsection.6.1.3}% 107
\BOOKMARK [3][-]{subsubsection.6.1.3.78}{\376\377\0006\000.\0001\000.\0003\000.\0007\0008\000\040\000s\000e\000n\000d\000D\000i\000c\000e\000\050\000\051}{subsection.6.1.3}% 108
\BOOKMARK [3][-]{subsubsection.6.1.3.79}{\376\377\0006\000.\0001\000.\0003\000.\0007\0009\000\040\000s\000e\000n\000d\000D\000o\000c\000u\000m\000e\000n\000t\000\050\000\051}{subsection.6.1.3}% 109
\BOOKMARK [3][-]{subsubsection.6.1.3.80}{\376\377\0006\000.\0001\000.\0003\000.\0008\0000\000\040\000s\000e\000n\000d\000G\000a\000m\000e\000\050\000\051}{subsection.6.1.3}% 110
\BOOKMARK [3][-]{subsubsection.6.1.3.81}{\376\377\0006\000.\0001\000.\0003\000.\0008\0001\000\040\000s\000e\000n\000d\000I\000n\000v\000o\000i\000c\000e\000\050\000\051}{subsection.6.1.3}% 111
\BOOKMARK [3][-]{subsubsection.6.1.3.82}{\376\377\0006\000.\0001\000.\0003\000.\0008\0002\000\040\000s\000e\000n\000d\000L\000o\000c\000a\000t\000i\000o\000n\000\050\000\051}{subsection.6.1.3}% 112
\BOOKMARK [3][-]{subsubsection.6.1.3.83}{\376\377\0006\000.\0001\000.\0003\000.\0008\0003\000\040\000s\000e\000n\000d\000M\000e\000d\000i\000a\000G\000r\000o\000u\000p\000\050\000\051}{subsection.6.1.3}% 113
\BOOKMARK [3][-]{subsubsection.6.1.3.84}{\376\377\0006\000.\0001\000.\0003\000.\0008\0004\000\040\000s\000e\000n\000d\000M\000e\000s\000s\000a\000g\000e\000\050\000\051}{subsection.6.1.3}% 114
\BOOKMARK [3][-]{subsubsection.6.1.3.85}{\376\377\0006\000.\0001\000.\0003\000.\0008\0005\000\040\000s\000e\000n\000d\000P\000h\000o\000t\000o\000\050\000\051}{subsection.6.1.3}% 115
\BOOKMARK [3][-]{subsubsection.6.1.3.86}{\376\377\0006\000.\0001\000.\0003\000.\0008\0006\000\040\000s\000e\000n\000d\000P\000o\000l\000l\000\050\000\051}{subsection.6.1.3}% 116
\BOOKMARK [3][-]{subsubsection.6.1.3.87}{\376\377\0006\000.\0001\000.\0003\000.\0008\0007\000\040\000s\000e\000n\000d\000S\000t\000i\000c\000k\000e\000r\000\050\000\051}{subsection.6.1.3}% 117
\BOOKMARK [3][-]{subsubsection.6.1.3.88}{\376\377\0006\000.\0001\000.\0003\000.\0008\0008\000\040\000s\000e\000n\000d\000V\000e\000n\000u\000e\000\050\000\051}{subsection.6.1.3}% 118
\BOOKMARK [3][-]{subsubsection.6.1.3.89}{\376\377\0006\000.\0001\000.\0003\000.\0008\0009\000\040\000s\000e\000n\000d\000V\000i\000d\000e\000o\000\050\000\051}{subsection.6.1.3}% 119
\BOOKMARK [3][-]{subsubsection.6.1.3.90}{\376\377\0006\000.\0001\000.\0003\000.\0009\0000\000\040\000s\000e\000n\000d\000V\000i\000d\000e\000o\000N\000o\000t\000e\000\050\000\051}{subsection.6.1.3}% 120
\BOOKMARK [3][-]{subsubsection.6.1.3.91}{\376\377\0006\000.\0001\000.\0003\000.\0009\0001\000\040\000s\000e\000n\000d\000V\000o\000i\000c\000e\000\050\000\051}{subsection.6.1.3}% 121
\BOOKMARK [3][-]{subsubsection.6.1.3.92}{\376\377\0006\000.\0001\000.\0003\000.\0009\0002\000\040\000s\000e\000r\000v\000e\000U\000p\000d\000a\000t\000e\000\050\000\051}{subsection.6.1.3}% 122
\BOOKMARK [3][-]{subsubsection.6.1.3.93}{\376\377\0006\000.\0001\000.\0003\000.\0009\0003\000\040\000s\000e\000t\000C\000h\000a\000t\000A\000d\000m\000i\000n\000i\000s\000t\000r\000a\000t\000o\000r\000C\000u\000s\000t\000o\000m\000T\000i\000t\000l\000e\000\050\000\051}{subsection.6.1.3}% 123
\BOOKMARK [3][-]{subsubsection.6.1.3.94}{\376\377\0006\000.\0001\000.\0003\000.\0009\0004\000\040\000s\000e\000t\000C\000h\000a\000t\000D\000e\000s\000c\000r\000i\000p\000t\000i\000o\000n\000\050\000\051}{subsection.6.1.3}% 124
\BOOKMARK [3][-]{subsubsection.6.1.3.95}{\376\377\0006\000.\0001\000.\0003\000.\0009\0005\000\040\000s\000e\000t\000C\000h\000a\000t\000M\000e\000n\000u\000B\000u\000t\000t\000o\000n\000\050\000\051}{subsection.6.1.3}% 125
\BOOKMARK [3][-]{subsubsection.6.1.3.96}{\376\377\0006\000.\0001\000.\0003\000.\0009\0006\000\040\000s\000e\000t\000C\000h\000a\000t\000P\000e\000r\000m\000i\000s\000s\000i\000o\000n\000s\000\050\000\051}{subsection.6.1.3}% 126
\BOOKMARK [3][-]{subsubsection.6.1.3.97}{\376\377\0006\000.\0001\000.\0003\000.\0009\0007\000\040\000s\000e\000t\000C\000h\000a\000t\000P\000h\000o\000t\000o\000\050\000\051}{subsection.6.1.3}% 127
\BOOKMARK [3][-]{subsubsection.6.1.3.98}{\376\377\0006\000.\0001\000.\0003\000.\0009\0008\000\040\000s\000e\000t\000C\000h\000a\000t\000S\000t\000i\000c\000k\000e\000r\000S\000e\000t\000\050\000\051}{subsection.6.1.3}% 128
\BOOKMARK [3][-]{subsubsection.6.1.3.99}{\376\377\0006\000.\0001\000.\0003\000.\0009\0009\000\040\000s\000e\000t\000C\000h\000a\000t\000T\000i\000t\000l\000e\000\050\000\051}{subsection.6.1.3}% 129
\BOOKMARK [3][-]{subsubsection.6.1.3.100}{\376\377\0006\000.\0001\000.\0003\000.\0001\0000\0000\000\040\000s\000e\000t\000G\000a\000m\000e\000S\000c\000o\000r\000e\000\050\000\051}{subsection.6.1.3}% 130
\BOOKMARK [3][-]{subsubsection.6.1.3.101}{\376\377\0006\000.\0001\000.\0003\000.\0001\0000\0001\000\040\000s\000e\000t\000M\000y\000C\000o\000m\000m\000a\000n\000d\000s\000\050\000\051}{subsection.6.1.3}% 131
\BOOKMARK [3][-]{subsubsection.6.1.3.102}{\376\377\0006\000.\0001\000.\0003\000.\0001\0000\0002\000\040\000s\000e\000t\000M\000y\000D\000e\000f\000a\000u\000l\000t\000A\000d\000m\000i\000n\000i\000s\000t\000r\000a\000t\000o\000r\000R\000i\000g\000h\000t\000s\000\050\000\051}{subsection.6.1.3}% 132
\BOOKMARK [3][-]{subsubsection.6.1.3.103}{\376\377\0006\000.\0001\000.\0003\000.\0001\0000\0003\000\040\000s\000e\000t\000P\000a\000s\000s\000p\000o\000r\000t\000D\000a\000t\000a\000E\000r\000r\000o\000r\000s\000\050\000\051}{subsection.6.1.3}% 133
\BOOKMARK [3][-]{subsubsection.6.1.3.104}{\376\377\0006\000.\0001\000.\0003\000.\0001\0000\0004\000\040\000s\000e\000t\000S\000t\000i\000c\000k\000e\000r\000P\000o\000s\000i\000t\000i\000o\000n\000I\000n\000S\000e\000t\000\050\000\051}{subsection.6.1.3}% 134
\BOOKMARK [3][-]{subsubsection.6.1.3.105}{\376\377\0006\000.\0001\000.\0003\000.\0001\0000\0005\000\040\000s\000e\000t\000S\000t\000i\000c\000k\000e\000r\000S\000e\000t\000T\000h\000u\000m\000b\000\050\000\051}{subsection.6.1.3}% 135
\BOOKMARK [3][-]{subsubsection.6.1.3.106}{\376\377\0006\000.\0001\000.\0003\000.\0001\0000\0006\000\040\000s\000e\000t\000W\000e\000b\000h\000o\000o\000k\000\050\000\051}{subsection.6.1.3}% 136
\BOOKMARK [3][-]{subsubsection.6.1.3.107}{\376\377\0006\000.\0001\000.\0003\000.\0001\0000\0007\000\040\000s\000t\000o\000p\000M\000e\000s\000s\000a\000g\000e\000L\000i\000v\000e\000L\000o\000c\000a\000t\000i\000o\000n\000\050\000\051}{subsection.6.1.3}% 137
\BOOKMARK [3][-]{subsubsection.6.1.3.108}{\376\377\0006\000.\0001\000.\0003\000.\0001\0000\0008\000\040\000s\000t\000o\000p\000P\000o\000l\000l\000\050\000\051}{subsection.6.1.3}% 138
\BOOKMARK [3][-]{subsubsection.6.1.3.109}{\376\377\0006\000.\0001\000.\0003\000.\0001\0000\0009\000\040\000T\000e\000x\000t\000\050\000\051}{subsection.6.1.3}% 139
\BOOKMARK [3][-]{subsubsection.6.1.3.110}{\376\377\0006\000.\0001\000.\0003\000.\0001\0001\0000\000\040\000u\000n\000b\000a\000n\000C\000h\000a\000t\000M\000e\000m\000b\000e\000r\000\050\000\051}{subsection.6.1.3}% 140
\BOOKMARK [3][-]{subsubsection.6.1.3.111}{\376\377\0006\000.\0001\000.\0003\000.\0001\0001\0001\000\040\000u\000n\000b\000a\000n\000C\000h\000a\000t\000S\000e\000n\000d\000e\000r\000C\000h\000a\000t\000\050\000\051}{subsection.6.1.3}% 141
\BOOKMARK [3][-]{subsubsection.6.1.3.112}{\376\377\0006\000.\0001\000.\0003\000.\0001\0001\0002\000\040\000u\000n\000p\000i\000n\000A\000l\000l\000C\000h\000a\000t\000M\000e\000s\000s\000a\000g\000e\000s\000\050\000\051}{subsection.6.1.3}% 142
\BOOKMARK [3][-]{subsubsection.6.1.3.113}{\376\377\0006\000.\0001\000.\0003\000.\0001\0001\0003\000\040\000u\000n\000p\000i\000n\000C\000h\000a\000t\000M\000e\000s\000s\000a\000g\000e\000\050\000\051}{subsection.6.1.3}% 143
\BOOKMARK [3][-]{subsubsection.6.1.3.114}{\376\377\0006\000.\0001\000.\0003\000.\0001\0001\0004\000\040\000u\000p\000l\000o\000a\000d\000S\000t\000i\000c\000k\000e\000r\000F\000i\000l\000e\000\050\000\051}{subsection.6.1.3}% 144
\BOOKMARK [2][-]{subsection.6.1.4}{\376\377\0006\000.\0001\000.\0004\000\040\000F\000i\000e\000l\000d\000\040\000D\000o\000c\000u\000m\000e\000n\000t\000a\000t\000i\000o\000n}{section.6.1}% 145
\BOOKMARK [3][-]{subsubsection.6.1.4.1}{\376\377\0006\000.\0001\000.\0004\000.\0001\000\040\000A\000N\000I\000M\000A\000T\000I\000O\000N}{subsection.6.1.4}% 146
\BOOKMARK [3][-]{subsubsection.6.1.4.2}{\376\377\0006\000.\0001\000.\0004\000.\0002\000\040\000A\000U\000D\000I\000O}{subsection.6.1.4}% 147
\BOOKMARK [3][-]{subsubsection.6.1.4.3}{\376\377\0006\000.\0001\000.\0004\000.\0003\000\040\000C\000A\000L\000L\000B\000A\000C\000K\000\137\000Q\000U\000E\000R\000Y}{subsection.6.1.4}% 148
\BOOKMARK [3][-]{subsubsection.6.1.4.4}{\376\377\0006\000.\0001\000.\0004\000.\0004\000\040\000C\000H\000A\000N\000N\000E\000L\000\137\000P\000O\000S\000T}{subsection.6.1.4}% 149
\BOOKMARK [3][-]{subsubsection.6.1.4.5}{\376\377\0006\000.\0001\000.\0004\000.\0005\000\040\000C\000O\000N\000T\000A\000C\000T}{subsection.6.1.4}% 150
\BOOKMARK [3][-]{subsubsection.6.1.4.6}{\376\377\0006\000.\0001\000.\0004\000.\0006\000\040\000D\000O\000C\000U\000M\000E\000N\000T}{subsection.6.1.4}% 151
\BOOKMARK [3][-]{subsubsection.6.1.4.7}{\376\377\0006\000.\0001\000.\0004\000.\0007\000\040\000E\000D\000I\000T\000E\000D\000\137\000M\000E\000S\000S\000A\000G\000E}{subsection.6.1.4}% 152
\BOOKMARK [3][-]{subsubsection.6.1.4.8}{\376\377\0006\000.\0001\000.\0004\000.\0008\000\040\000I\000N\000L\000I\000N\000E\000\137\000Q\000U\000E\000R\000Y}{subsection.6.1.4}% 153
\BOOKMARK [3][-]{subsubsection.6.1.4.9}{\376\377\0006\000.\0001\000.\0004\000.\0009\000\040\000L\000O\000C\000A\000T\000I\000O\000N}{subsection.6.1.4}% 154
\BOOKMARK [3][-]{subsubsection.6.1.4.10}{\376\377\0006\000.\0001\000.\0004\000.\0001\0000\000\040\000M\000E\000S\000S\000A\000G\000E}{subsection.6.1.4}% 155
\BOOKMARK [3][-]{subsubsection.6.1.4.11}{\376\377\0006\000.\0001\000.\0004\000.\0001\0001\000\040\000P\000H\000O\000T\000O}{subsection.6.1.4}% 156
\BOOKMARK [3][-]{subsubsection.6.1.4.12}{\376\377\0006\000.\0001\000.\0004\000.\0001\0002\000\040\000R\000E\000P\000L\000Y}{subsection.6.1.4}% 157
\BOOKMARK [3][-]{subsubsection.6.1.4.13}{\376\377\0006\000.\0001\000.\0004\000.\0001\0003\000\040\000S\000T\000I\000C\000K\000E\000R}{subsection.6.1.4}% 158
\BOOKMARK [3][-]{subsubsection.6.1.4.14}{\376\377\0006\000.\0001\000.\0004\000.\0001\0004\000\040\000V\000I\000D\000E\000O}{subsection.6.1.4}% 159
\BOOKMARK [3][-]{subsubsection.6.1.4.15}{\376\377\0006\000.\0001\000.\0004\000.\0001\0005\000\040\000V\000O\000I\000C\000E}{subsection.6.1.4}% 160
\BOOKMARK [1][-]{section.6.2}{\376\377\0006\000.\0002\000\040\000T\000e\000l\000e\000g\000r\000a\000m\000E\000r\000r\000o\000r\000L\000o\000g\000g\000e\000r\000\040\000C\000l\000a\000s\000s\000\040\000R\000e\000f\000e\000r\000e\000n\000c\000e}{chapter.6}% 161
\BOOKMARK [2][-]{subsection.6.2.1}{\376\377\0006\000.\0002\000.\0001\000\040\000D\000e\000t\000a\000i\000l\000e\000d\000\040\000D\000e\000s\000c\000r\000i\000p\000t\000i\000o\000n}{section.6.2}% 162
\BOOKMARK [2][-]{subsection.6.2.2}{\376\377\0006\000.\0002\000.\0002\000\040\000M\000e\000m\000b\000e\000r\000\040\000F\000u\000n\000c\000t\000i\000o\000n\000\040\000D\000o\000c\000u\000m\000e\000n\000t\000a\000t\000i\000o\000n}{section.6.2}% 163
\BOOKMARK [3][-]{subsubsection.6.2.2.1}{\376\377\0006\000.\0002\000.\0002\000.\0001\000\040\000l\000o\000g\000\050\000\051}{subsection.6.2.2}% 164
\BOOKMARK [0][-]{section*.4}{\376\377\000I\000n\000d\000e\000x}{}% 165
